<?xml version="1.0" encoding="UTF-8"?>
<!-- Generated by org.testng.reporters.JUnitXMLReporter -->
<testsuite ignored="2" hostname="Diksha-PC" failures="0" tests="4" name="Test" time="7.422" errors="0" timestamp="2022-07-22T15:43:11 EDT">
  <testcase classname="SeleniumMaven.TCPortalPage" name="PortalPage" time="1.692"/>
  <testcase classname="SeleniumMaven.TCHomePage" name="homepage" time="0.847"/>
  <testcase classname="SeleniumMaven.TCHomePage" name="homepage" time="0.681"/>
  <testcase classname="SeleniumMaven.TCHomePage" name="homepage" time="0.631"/>
  <testcase classname="Resources.BaseClass" name="@BeforeTest setUpDriver" time="0.0">
    <ignored/>
  </testcase> <!-- @BeforeTest setUpDriver -->
  <testcase classname="Resources.BaseClass" name="@AfterTest tearDown" time="0.0">
    <ignored/>
  </testcase> <!-- @AfterTest tearDown -->
</testsuite> <!-- Test -->
